2024-05-03 05:17:02,199 - tensorflow - WARNING - Callback method `on_train_batch_end` is slow compared to the batch time (batch time: 0.5387s vs `on_train_batch_end` time: 0.6383s). Check your callbacks.
2024-05-03 05:18:52,376 - root - INFO - Epoch 3100; loss: 305.2503662109375; CER: 0.9321644306182861; WER: 1.0003385543823242; val_loss: 245.2702178955078; val_CER: 0.9855702519416809; val_WER: 0.9992498159408569
2024-05-03 05:20:41,566 - root - INFO - Epoch 3101; loss: 236.0042266845703; CER: 0.7981292009353638; WER: 1.062509298324585; val_loss: 198.11599731445312; val_CER: 0.8228849768638611; val_WER: 0.99748694896698
2024-05-03 05:22:30,981 - root - INFO - Epoch 3102; loss: 202.2606658935547; CER: 0.6928847432136536; WER: 1.1488227844238281; val_loss: 154.26292419433594; val_CER: 0.6061455607414246; val_WER: 1.0402549505233765
2024-05-03 05:24:19,846 - root - INFO - Epoch 3103; loss: 169.52005004882812; CER: 0.601055920124054; WER: 1.1481155157089233; val_loss: 121.21833801269531; val_CER: 0.4455717206001282; val_WER: 0.9695372581481934
2024-05-03 05:26:08,757 - root - INFO - Epoch 3104; loss: 155.62086486816406; CER: 0.5434975028038025; WER: 1.0797032117843628; val_loss: 121.44725036621094; val_CER: 0.4222862422466278; val_WER: 0.900854229927063
2024-05-03 05:27:57,755 - root - INFO - Epoch 3105; loss: 138.838623046875; CER: 0.49095505475997925; WER: 1.0244524478912354; val_loss: 107.86915588378906; val_CER: 0.37714701890945435; val_WER: 0.8526986241340637
2024-05-03 05:29:47,161 - root - INFO - Epoch 3106; loss: 128.3006134033203; CER: 0.4487323462963104; WER: 0.9728764295578003; val_loss: 86.52977752685547; val_CER: 0.29603439569473267; val_WER: 0.7575919032096863
2024-05-03 05:31:36,711 - root - INFO - Epoch 3107; loss: 113.62123107910156; CER: 0.39491161704063416; WER: 0.9233390688896179; val_loss: 78.4381332397461; val_CER: 0.2621638774871826; val_WER: 0.7221617698669434
2024-05-03 05:33:26,139 - root - INFO - Epoch 3108; loss: 104.48487091064453; CER: 0.3653435707092285; WER: 0.8808889985084534; val_loss: 72.4544906616211; val_CER: 0.2563190758228302; val_WER: 0.7129391431808472
2024-05-03 05:35:15,283 - root - INFO - Epoch 3109; loss: 137.32730102539062; CER: 0.4519178569316864; WER: 0.9531413912773132; val_loss: 397.9689025878906; val_CER: 0.8795104026794434; val_WER: 1.0730849504470825
2024-05-03 05:37:04,507 - root - INFO - Epoch 3110; loss: 157.04017639160156; CER: 0.5046020150184631; WER: 1.0418386459350586; val_loss: 107.0954818725586; val_CER: 0.31460997462272644; val_WER: 0.7621220946311951
2024-05-03 05:38:53,793 - root - INFO - Epoch 3111; loss: 123.41622924804688; CER: 0.40935224294662476; WER: 0.9366996884346008; val_loss: 84.25408172607422; val_CER: 0.2918339669704437; val_WER: 0.74490886926651
2024-05-03 05:40:43,296 - root - INFO - Epoch 3112; loss: 110.02081298828125; CER: 0.3730946481227875; WER: 0.889094352722168; val_loss: 74.2842025756836; val_CER: 0.2536148428916931; val_WER: 0.6916550397872925
2024-05-03 05:42:32,763 - root - INFO - Epoch 3113; loss: 98.66300964355469; CER: 0.33653098344802856; WER: 0.8486838936805725; val_loss: 68.15699005126953; val_CER: 0.24327023327350616; val_WER: 0.6746621131896973
2024-05-03 05:44:21,878 - root - INFO - Epoch 3114; loss: 97.07967376708984; CER: 0.3330194354057312; WER: 0.8322267532348633; val_loss: 177.91151428222656; val_CER: 0.5722315907478333; val_WER: 1.11214017868042
2024-05-03 05:46:11,107 - root - INFO - Epoch 3115; loss: 144.1563720703125; CER: 0.5065343379974365; WER: 1.0354770421981812; val_loss: 93.30855560302734; val_CER: 0.34526804089546204; val_WER: 0.783294141292572
2024-05-03 05:48:00,230 - root - INFO - Epoch 3116; loss: 112.0097885131836; CER: 0.3882877826690674; WER: 0.8973930478096008; val_loss: 71.24683380126953; val_CER: 0.25926271080970764; val_WER: 0.6921600103378296
2024-05-03 05:49:49,334 - root - INFO - Epoch 3117; loss: 97.00662994384766; CER: 0.33859753608703613; WER: 0.8348612785339355; val_loss: 68.14688110351562; val_CER: 0.25139889121055603; val_WER: 0.6758660078048706
2024-05-03 05:51:38,747 - root - INFO - Epoch 3118; loss: 92.27656555175781; CER: 0.3207816481590271; WER: 0.8111693263053894; val_loss: 61.24176788330078; val_CER: 0.2337297946214676; val_WER: 0.6540011763572693
2024-05-03 05:53:28,097 - root - INFO - Epoch 3119; loss: 86.3478012084961; CER: 0.3097863793373108; WER: 0.7947803735733032; val_loss: 58.45457458496094; val_CER: 0.22103264927864075; val_WER: 0.6419402956962585
2024-05-03 05:55:17,535 - root - INFO - Epoch 3120; loss: 84.62290954589844; CER: 0.30316823720932007; WER: 0.7871479988098145; val_loss: 58.65380096435547; val_CER: 0.21776510775089264; val_WER: 0.6316436529159546
2024-05-03 05:57:06,524 - root - INFO - Epoch 3121; loss: 85.78437042236328; CER: 0.2993694543838501; WER: 0.7803369164466858; val_loss: 67.16382598876953; val_CER: 0.24425667524337769; val_WER: 0.6690807342529297
2024-05-03 05:58:55,908 - root - INFO - Epoch 3122; loss: 87.72113037109375; CER: 0.3067081570625305; WER: 0.7934035062789917; val_loss: 61.40456771850586; val_CER: 0.20653685927391052; val_WER: 0.6109794974327087
2024-05-03 06:00:45,183 - root - INFO - Epoch 3123; loss: 81.75040435791016; CER: 0.28582069277763367; WER: 0.7710688710212708; val_loss: 54.289737701416016; val_CER: 0.19864806532859802; val_WER: 0.6042828559875488
2024-05-03 06:02:34,478 - root - INFO - Epoch 3124; loss: 76.8271484375; CER: 0.2785118520259857; WER: 0.7538717985153198; val_loss: 54.301353454589844; val_CER: 0.19402220845222473; val_WER: 0.6020883321762085
2024-05-03 06:04:23,437 - root - INFO - Epoch 3125; loss: 76.85965728759766; CER: 0.2815997302532196; WER: 0.7556890249252319; val_loss: 51.913597106933594; val_CER: 0.20324507355690002; val_WER: 0.61103355884552
2024-05-03 06:06:12,498 - root - INFO - Epoch 3126; loss: 83.16339874267578; CER: 0.3006180226802826; WER: 0.7817290425300598; val_loss: 54.839847564697266; val_CER: 0.21318386495113373; val_WER: 0.6269704699516296
2024-05-03 06:08:01,387 - root - INFO - Epoch 3127; loss: 80.0865249633789; CER: 0.2929449677467346; WER: 0.7675904035568237; val_loss: 52.632102966308594; val_CER: 0.20545685291290283; val_WER: 0.6181665062904358
2024-05-03 06:09:50,597 - root - INFO - Epoch 3128; loss: 74.52754974365234; CER: 0.2715683877468109; WER: 0.738654613494873; val_loss: 50.18658447265625; val_CER: 0.19000838696956635; val_WER: 0.5884483456611633
2024-05-03 06:11:39,508 - root - INFO - Epoch 3129; loss: 74.4569320678711; CER: 0.2752372622489929; WER: 0.7393486499786377; val_loss: 71.91378021240234; val_CER: 0.27576541900634766; val_WER: 0.7001135945320129
2024-05-03 06:13:28,598 - root - INFO - Epoch 3130; loss: 93.67156982421875; CER: 0.3375813663005829; WER: 0.8222736716270447; val_loss: 57.53266143798828; val_CER: 0.21198099851608276; val_WER: 0.6183459758758545
2024-05-03 06:15:17,537 - root - INFO - Epoch 3131; loss: 79.32771301269531; CER: 0.29108333587646484; WER: 0.7676247358322144; val_loss: 52.053802490234375; val_CER: 0.19836817681789398; val_WER: 0.5996842384338379
2024-05-03 06:17:06,439 - root - INFO - Epoch 3132; loss: 74.59133911132812; CER: 0.2752470374107361; WER: 0.7504997849464417; val_loss: 49.66403579711914; val_CER: 0.19241246581077576; val_WER: 0.5851133465766907
2024-05-03 06:18:55,451 - root - INFO - Epoch 3133; loss: 74.64147186279297; CER: 0.27748826146125793; WER: 0.748871386051178; val_loss: 51.2332649230957; val_CER: 0.1941574066877365; val_WER: 0.5864267349243164
2024-05-03 06:20:44,777 - root - INFO - Epoch 3134; loss: 73.87284851074219; CER: 0.2654261589050293; WER: 0.735324501991272; val_loss: 50.05380630493164; val_CER: 0.18404985964298248; val_WER: 0.5655579566955566
2024-05-03 06:22:33,748 - root - INFO - Epoch 3135; loss: 71.78143310546875; CER: 0.2631818652153015; WER: 0.7269841432571411; val_loss: 49.68010711669922; val_CER: 0.1866934448480606; val_WER: 0.577631950378418
2024-05-03 06:24:23,043 - root - INFO - Epoch 3136; loss: 70.02880096435547; CER: 0.2598332166671753; WER: 0.7202638983726501; val_loss: 47.75296401977539; val_CER: 0.17483294010162354; val_WER: 0.5480721592903137
2024-05-03 06:26:12,370 - root - INFO - Epoch 3137; loss: 68.9076919555664; CER: 0.2541705071926117; WER: 0.7129725813865662; val_loss: 47.16440963745117; val_CER: 0.17265422642230988; val_WER: 0.5507883429527283
2024-05-03 06:28:01,183 - root - INFO - Epoch 3138; loss: 68.02794647216797; CER: 0.2541913092136383; WER: 0.7168988585472107; val_loss: 53.49139404296875; val_CER: 0.17300279438495636; val_WER: 0.5521547198295593
2024-05-03 06:29:50,077 - root - INFO - Epoch 3139; loss: 79.44021606445312; CER: 0.27813437581062317; WER: 0.7543954253196716; val_loss: 49.68472671508789; val_CER: 0.17853547632694244; val_WER: 0.562920331954956
2024-05-03 06:31:39,072 - root - INFO - Epoch 3140; loss: 71.45622253417969; CER: 0.26195448637008667; WER: 0.7295190095901489; val_loss: 47.01033020019531; val_CER: 0.1762033849954605; val_WER: 0.5695288777351379
2024-05-03 06:33:28,048 - root - INFO - Epoch 3141; loss: 73.22378540039062; CER: 0.26792681217193604; WER: 0.7408538460731506; val_loss: 47.149757385253906; val_CER: 0.17672063410282135; val_WER: 0.5558921694755554
2024-05-03 06:35:17,061 - root - INFO - Epoch 3142; loss: 70.85404205322266; CER: 0.26788508892059326; WER: 0.7278167009353638; val_loss: 46.52692794799805; val_CER: 0.18448065221309662; val_WER: 0.5710650682449341
2024-05-03 06:37:06,027 - root - INFO - Epoch 3143; loss: 77.16962432861328; CER: 0.287670761346817; WER: 0.7654078006744385; val_loss: 53.84584045410156; val_CER: 0.2036658227443695; val_WER: 0.6074002385139465
2024-05-03 06:38:54,882 - root - INFO - Epoch 3144; loss: 78.97665405273438; CER: 0.27994024753570557; WER: 0.7578564882278442; val_loss: 57.620445251464844; val_CER: 0.19935297966003418; val_WER: 0.5964473485946655
2024-05-03 06:40:43,795 - root - INFO - Epoch 3145; loss: 83.69930267333984; CER: 0.3021911084651947; WER: 0.7786082029342651; val_loss: 59.08494186401367; val_CER: 0.20471706986427307; val_WER: 0.6087579727172852
2024-05-03 06:42:33,126 - root - INFO - Epoch 3146; loss: 78.552490234375; CER: 0.2884191572666168; WER: 0.754660427570343; val_loss: 54.12331008911133; val_CER: 0.2105090320110321; val_WER: 0.6067984104156494
2024-05-03 06:44:22,998 - root - INFO - Epoch 3147; loss: 74.90465545654297; CER: 0.2756158709526062; WER: 0.7382237315177917; val_loss: 47.34447479248047; val_CER: 0.18158483505249023; val_WER: 0.5679143667221069
2024-05-03 06:46:12,732 - root - INFO - Epoch 3148; loss: 69.83757019042969; CER: 0.2581232190132141; WER: 0.7199373841285706; val_loss: 46.96726989746094; val_CER: 0.1760319620370865; val_WER: 0.5554431676864624
2024-05-03 06:48:02,183 - root - INFO - Epoch 3149; loss: 98.88983917236328; CER: 0.3587961792945862; WER: 0.846042811870575; val_loss: 64.06732177734375; val_CER: 0.2279956042766571; val_WER: 0.6408846974372864
2024-05-03 06:49:51,176 - root - INFO - Epoch 3150; loss: 86.52543640136719; CER: 0.3097674548625946; WER: 0.7996700406074524; val_loss: 54.30901336669922; val_CER: 0.2004334181547165; val_WER: 0.5989810824394226
2024-05-03 06:51:40,076 - root - INFO - Epoch 3151; loss: 79.54546356201172; CER: 0.2861974835395813; WER: 0.7638837695121765; val_loss: 51.35089874267578; val_CER: 0.18851327896118164; val_WER: 0.5759701728820801
2024-05-03 06:53:28,916 - root - INFO - Epoch 3152; loss: 75.57268524169922; CER: 0.280187726020813; WER: 0.762475311756134; val_loss: 48.25815200805664; val_CER: 0.19340839982032776; val_WER: 0.5923562049865723
2024-05-03 06:55:17,771 - root - INFO - Epoch 3153; loss: 74.05830383300781; CER: 0.27488768100738525; WER: 0.7530196905136108; val_loss: 47.98250961303711; val_CER: 0.18896882236003876; val_WER: 0.5877640247344971
2024-05-03 06:57:06,561 - root - INFO - Epoch 3154; loss: 72.13532257080078; CER: 0.2700198292732239; WER: 0.746239960193634; val_loss: 46.33906555175781; val_CER: 0.18115536868572235; val_WER: 0.5679095983505249
2024-05-03 06:58:55,371 - root - INFO - Epoch 3155; loss: 70.05590057373047; CER: 0.2600005865097046; WER: 0.7286444306373596; val_loss: 45.40272521972656; val_CER: 0.1743607074022293; val_WER: 0.5554475784301758
2024-05-03 07:00:44,061 - root - INFO - Epoch 3156; loss: 68.39362335205078; CER: 0.26139673590660095; WER: 0.7285940051078796; val_loss: 46.158660888671875; val_CER: 0.18167977035045624; val_WER: 0.5709102749824524
2024-05-03 07:02:32,919 - root - INFO - Epoch 3157; loss: 68.679443359375; CER: 0.26229366660118103; WER: 0.723558783531189; val_loss: 44.7202262878418; val_CER: 0.17681661248207092; val_WER: 0.5604268312454224
2024-05-03 07:04:22,110 - root - INFO - Epoch 3158; loss: 66.31684112548828; CER: 0.253070592880249; WER: 0.7110509276390076; val_loss: 42.32320022583008; val_CER: 0.16862262785434723; val_WER: 0.537804901599884
2024-05-03 07:06:10,902 - root - INFO - Epoch 3159; loss: 66.8802261352539; CER: 0.25176090002059937; WER: 0.7150341868400574; val_loss: 43.03248977661133; val_CER: 0.17262502014636993; val_WER: 0.54792720079422
2024-05-03 07:08:00,019 - root - INFO - Epoch 3160; loss: 64.59183502197266; CER: 0.2450312227010727; WER: 0.6992375254631042; val_loss: 42.14216995239258; val_CER: 0.1663980931043625; val_WER: 0.5334954857826233
2024-05-03 07:09:48,760 - root - INFO - Epoch 3161; loss: 67.8066635131836; CER: 0.2531348764896393; WER: 0.714089035987854; val_loss: 43.72628402709961; val_CER: 0.17291373014450073; val_WER: 0.5460495352745056
2024-05-03 07:11:37,880 - root - INFO - Epoch 3162; loss: 65.65923309326172; CER: 0.2506133019924164; WER: 0.7090688943862915; val_loss: 42.52739334106445; val_CER: 0.166315495967865; val_WER: 0.5357779264450073
2024-05-03 07:13:26,960 - root - INFO - Epoch 3163; loss: 63.380802154541016; CER: 0.24199460446834564; WER: 0.7003081440925598; val_loss: 43.33433151245117; val_CER: 0.16500091552734375; val_WER: 0.5297225117683411
2024-05-03 07:15:15,758 - root - INFO - Epoch 3164; loss: 65.68766021728516; CER: 0.24200952053070068; WER: 0.6963514685630798; val_loss: 47.00453186035156; val_CER: 0.16505639255046844; val_WER: 0.5342035889625549
2024-05-03 07:17:04,489 - root - INFO - Epoch 3165; loss: 63.53865051269531; CER: 0.24407225847244263; WER: 0.7027011513710022; val_loss: 46.27981948852539; val_CER: 0.18552617728710175; val_WER: 0.5665677189826965
2024-05-03 07:18:53,199 - root - INFO - Epoch 3166; loss: 71.23960876464844; CER: 0.2785731554031372; WER: 0.7489041686058044; val_loss: 46.21846389770508; val_CER: 0.19287985563278198; val_WER: 0.5865957736968994
2024-05-03 07:20:41,990 - root - INFO - Epoch 3167; loss: 84.01119232177734; CER: 0.29925623536109924; WER: 0.7881443500518799; val_loss: 53.01284408569336; val_CER: 0.20097249746322632; val_WER: 0.5987234115600586
2024-05-03 07:22:30,939 - root - INFO - Epoch 3168; loss: 73.88363647460938; CER: 0.27674001455307007; WER: 0.7560631036758423; val_loss: 45.717411041259766; val_CER: 0.18164604902267456; val_WER: 0.5725334882736206
2024-05-03 07:24:19,733 - root - INFO - Epoch 3169; loss: 69.52749633789062; CER: 0.26314061880111694; WER: 0.7310166358947754; val_loss: 43.789371490478516; val_CER: 0.17476047575473785; val_WER: 0.5653405785560608
2024-05-03 07:26:08,548 - root - INFO - Epoch 3170; loss: 65.92405700683594; CER: 0.2524504065513611; WER: 0.7108200192451477; val_loss: 43.25634002685547; val_CER: 0.16542145609855652; val_WER: 0.53779137134552
2024-05-03 07:27:57,405 - root - INFO - Epoch 3171; loss: 64.53923797607422; CER: 0.25177931785583496; WER: 0.7083187103271484; val_loss: 45.42800521850586; val_CER: 0.17527800798416138; val_WER: 0.5610090494155884
2024-05-03 07:29:46,155 - root - INFO - Epoch 3172; loss: 67.2831802368164; CER: 0.2598525285720825; WER: 0.7152509689331055; val_loss: 44.784278869628906; val_CER: 0.18237149715423584; val_WER: 0.5724362134933472
2024-05-03 07:31:34,898 - root - INFO - Epoch 3173; loss: 66.53569030761719; CER: 0.2540334463119507; WER: 0.7119106650352478; val_loss: 43.12258529663086; val_CER: 0.1683523952960968; val_WER: 0.5387569069862366
2024-05-03 07:33:24,090 - root - INFO - Epoch 3174; loss: 63.58104705810547; CER: 0.24086929857730865; WER: 0.6928185820579529; val_loss: 42.19157409667969; val_CER: 0.1617916077375412; val_WER: 0.5284990668296814
2024-05-03 07:35:12,875 - root - INFO - Epoch 3175; loss: 62.674232482910156; CER: 0.23872114717960358; WER: 0.6882328391075134; val_loss: 40.8585319519043; val_CER: 0.1620880514383316; val_WER: 0.529083251953125
2024-05-03 07:37:01,929 - root - INFO - Epoch 3176; loss: 61.21830749511719; CER: 0.23562166094779968; WER: 0.6810298562049866; val_loss: 40.21257781982422; val_CER: 0.15865717828273773; val_WER: 0.5249238610267639
2024-05-03 07:38:51,079 - root - INFO - Epoch 3177; loss: 60.77566146850586; CER: 0.23287752270698547; WER: 0.6776828765869141; val_loss: 40.097625732421875; val_CER: 0.15548264980316162; val_WER: 0.5133016109466553
2024-05-03 07:40:39,848 - root - INFO - Epoch 3178; loss: 60.76406478881836; CER: 0.2366059124469757; WER: 0.6841245889663696; val_loss: 39.487667083740234; val_CER: 0.15782344341278076; val_WER: 0.5199578404426575
2024-05-03 07:42:28,626 - root - INFO - Epoch 3179; loss: 62.23116683959961; CER: 0.24202406406402588; WER: 0.6891614198684692; val_loss: 42.33844757080078; val_CER: 0.1647772192955017; val_WER: 0.5379075407981873
2024-05-03 07:44:17,363 - root - INFO - Epoch 3180; loss: 64.69998931884766; CER: 0.24888235330581665; WER: 0.7002067565917969; val_loss: 41.85362243652344; val_CER: 0.1598787009716034; val_WER: 0.5157997608184814
2024-05-03 07:46:06,112 - root - INFO - Epoch 3181; loss: 62.525421142578125; CER: 0.2395278960466385; WER: 0.685275137424469; val_loss: 40.935264587402344; val_CER: 0.16451570391654968; val_WER: 0.529776394367218
2024-05-03 07:47:54,833 - root - INFO - Epoch 3182; loss: 62.46052169799805; CER: 0.23948495090007782; WER: 0.6898986101150513; val_loss: 40.30208969116211; val_CER: 0.16458870470523834; val_WER: 0.530103325843811
2024-05-03 07:49:43,568 - root - INFO - Epoch 3183; loss: 61.19765853881836; CER: 0.23181046545505524; WER: 0.6774170994758606; val_loss: 39.45137023925781; val_CER: 0.15936501324176788; val_WER: 0.5171129107475281
2024-05-03 07:51:32,657 - root - INFO - Epoch 3184; loss: 59.67014694213867; CER: 0.23135077953338623; WER: 0.6737172603607178; val_loss: 39.11466598510742; val_CER: 0.15482212603092194; val_WER: 0.5112142562866211
2024-05-03 07:53:21,439 - root - INFO - Epoch 3185; loss: 59.628719329833984; CER: 0.23088452219963074; WER: 0.6742857694625854; val_loss: 39.374507904052734; val_CER: 0.15753737092018127; val_WER: 0.5166770815849304
2024-05-03 07:55:10,277 - root - INFO - Epoch 3186; loss: 59.403106689453125; CER: 0.22606109082698822; WER: 0.6678282022476196; val_loss: 39.43970489501953; val_CER: 0.15559595823287964; val_WER: 0.5160294771194458
2024-05-03 07:56:59,148 - root - INFO - Epoch 3187; loss: 58.563743591308594; CER: 0.22496375441551208; WER: 0.6669166684150696; val_loss: 38.4124641418457; val_CER: 0.15536874532699585; val_WER: 0.5066375136375427
2024-05-03 07:58:48,237 - root - INFO - Epoch 3188; loss: 62.086483001708984; CER: 0.24099744856357574; WER: 0.6878199577331543; val_loss: 39.59318161010742; val_CER: 0.161004438996315; val_WER: 0.515602171421051
2024-05-03 08:00:37,745 - root - INFO - Epoch 3189; loss: 60.47909927368164; CER: 0.23409803211688995; WER: 0.6728688478469849; val_loss: 42.46940231323242; val_CER: 0.17163114249706268; val_WER: 0.5444475412368774
2024-05-03 08:02:27,184 - root - INFO - Epoch 3190; loss: 63.21311569213867; CER: 0.24496084451675415; WER: 0.6934834718704224; val_loss: 40.53013610839844; val_CER: 0.15532973408699036; val_WER: 0.5119920372962952
2024-05-03 08:04:16,606 - root - INFO - Epoch 3191; loss: 60.38655090332031; CER: 0.23024973273277283; WER: 0.6715394854545593; val_loss: 38.58082962036133; val_CER: 0.15551382303237915; val_WER: 0.5203606486320496
2024-05-03 08:06:06,489 - root - INFO - Epoch 3192; loss: 58.566734313964844; CER: 0.22478818893432617; WER: 0.6664808988571167; val_loss: 38.836463928222656; val_CER: 0.15260201692581177; val_WER: 0.5133057832717896
2024-05-03 08:07:56,386 - root - INFO - Epoch 3193; loss: 57.36674118041992; CER: 0.22413527965545654; WER: 0.6654064655303955; val_loss: 37.311527252197266; val_CER: 0.15102103352546692; val_WER: 0.5081722736358643
2024-05-03 08:09:46,358 - root - INFO - Epoch 3194; loss: 56.87730407714844; CER: 0.2204577624797821; WER: 0.658696711063385; val_loss: 37.33906173706055; val_CER: 0.14892756938934326; val_WER: 0.5008826851844788
2024-05-03 08:11:36,203 - root - INFO - Epoch 3195; loss: 56.11146926879883; CER: 0.2166028767824173; WER: 0.651356041431427; val_loss: 37.503875732421875; val_CER: 0.14877007901668549; val_WER: 0.5063874125480652
2024-05-03 08:13:25,651 - root - INFO - Epoch 3196; loss: 57.06660842895508; CER: 0.22314299643039703; WER: 0.6583716869354248; val_loss: 39.43647766113281; val_CER: 0.15184910595417023; val_WER: 0.505718469619751
2024-05-03 08:15:15,052 - root - INFO - Epoch 3197; loss: 57.35862731933594; CER: 0.22333161532878876; WER: 0.6572492122650146; val_loss: 38.32455825805664; val_CER: 0.15557441115379333; val_WER: 0.5224117040634155
2024-05-03 08:17:04,517 - root - INFO - Epoch 3198; loss: 56.87964630126953; CER: 0.2233285754919052; WER: 0.6614490151405334; val_loss: 38.04773712158203; val_CER: 0.1507950872182846; val_WER: 0.5032184720039368
2024-05-03 08:18:53,862 - root - INFO - Epoch 3199; loss: 56.20135498046875; CER: 0.21840816736221313; WER: 0.6540522575378418; val_loss: 36.99482727050781; val_CER: 0.14902184903621674; val_WER: 0.5006656646728516
2024-05-03 08:18:56,938 - tf2onnx.tfonnx - INFO - Using tensorflow=2.12.1, onnx=1.16.0, tf2onnx=1.16.1/15c810
2024-05-03 08:18:56,938 - tf2onnx.tfonnx - INFO - Using opset <onnx, 15>
2024-05-03 08:18:57,150 - tf2onnx.tf_utils - INFO - Computed 0 values for constant folding
2024-05-03 08:18:57,153 - tf2onnx.tf_utils - INFO - Computed 0 values for constant folding
2024-05-03 08:18:57,159 - tf2onnx.tf_utils - INFO - Computed 0 values for constant folding
2024-05-03 08:18:57,161 - tf2onnx.tf_utils - INFO - Computed 0 values for constant folding
2024-05-03 08:18:57,167 - tf2onnx.tf_utils - INFO - Computed 0 values for constant folding
2024-05-03 08:18:57,173 - tf2onnx.tf_utils - INFO - Computed 0 values for constant folding
2024-05-03 08:18:57,179 - tf2onnx.tf_utils - INFO - Computed 0 values for constant folding
2024-05-03 08:18:57,185 - tf2onnx.tf_utils - INFO - Computed 0 values for constant folding
2024-05-03 08:18:57,191 - tf2onnx.tf_utils - INFO - Computed 0 values for constant folding
2024-05-03 08:18:57,193 - tf2onnx.tf_utils - INFO - Computed 0 values for constant folding
2024-05-03 08:18:57,194 - tf2onnx.tf_utils - INFO - Computed 0 values for constant folding
2024-05-03 08:18:57,196 - tf2onnx.tf_utils - INFO - Computed 0 values for constant folding
2024-05-03 08:18:57,198 - tf2onnx.tf_utils - INFO - Computed 0 values for constant folding
2024-05-03 08:18:57,200 - tf2onnx.tf_utils - INFO - Computed 0 values for constant folding
2024-05-03 08:18:57,203 - tf2onnx.tf_utils - INFO - Computed 0 values for constant folding
2024-05-03 08:18:57,209 - tf2onnx.tf_utils - INFO - Computed 0 values for constant folding
2024-05-03 08:18:57,313 - tf2onnx.tf_utils - INFO - Computed 2 values for constant folding
2024-05-03 08:18:57,426 - tf2onnx.tfonnx - INFO - folding node using tf type=StridedSlice, name=model_3/bidirectional_37/forward_gru_19/PartitionedCall/strided_slice
2024-05-03 08:18:57,426 - tf2onnx.tfonnx - INFO - folding node using tf type=StridedSlice, name=model_3/bidirectional_37/backward_gru_19/PartitionedCall/strided_slice
2024-05-03 08:18:57,793 - tf2onnx.optimizer - INFO - Optimizing ONNX model
2024-05-03 08:18:59,358 - tf2onnx.optimizer - INFO - After optimization: BatchNormalization -18 (18->0), Cast -8 (24->16), Concat -4 (21->17), Const -233 (313->80), Expand -4 (8->4), Gather +5 (4->9), Identity -2 (2->0), Shape -4 (11->7), Slice -4 (17->13), Squeeze -9 (17->8), Transpose -90 (96->6), Unsqueeze -23 (31->8)
2024-05-03 08:18:59,391 - ipykernel.comm - ERROR - No such comm target registered: jupyter.widget.control
2024-05-03 08:18:59,394 - Comm - WARNING - No such comm: 6ed48a2f-4c3a-4529-aaa5-9dbdd66b5a2d
