2024-04-02 14:27:02,526 - tensorflow - WARNING - Callback method `on_train_batch_end` is slow compared to the batch time (batch time: 0.4730s vs `on_train_batch_end` time: 0.6371s). Check your callbacks.
2024-04-02 14:32:35,500 - root - INFO - Epoch 165; loss: 88.50366973876953; CER: 0.4342164695262909; WER: 0.7577687501907349; val_loss: 12.191588401794434; val_CER: 0.06288297474384308; val_WER: 0.2462431937456131
2024-04-02 14:38:10,249 - root - INFO - Epoch 166; loss: 12.970951080322266; CER: 0.07315664738416672; WER: 0.27487632632255554; val_loss: 29.322307586669922; val_CER: 0.19016322493553162; val_WER: 0.6415792107582092
2024-04-02 14:43:44,910 - root - INFO - Epoch 167; loss: 8.87197208404541; CER: 0.05085562914609909; WER: 0.19962896406650543; val_loss: 6.035329341888428; val_CER: 0.030120665207505226; val_WER: 0.1256919503211975
2024-04-02 14:49:19,593 - root - INFO - Epoch 168; loss: 6.7407708168029785; CER: 0.039563875645399094; WER: 0.15851189196109772; val_loss: 3.999183416366577; val_CER: 0.020702749490737915; val_WER: 0.08833198994398117
2024-04-02 14:54:54,303 - root - INFO - Epoch 169; loss: 5.565493106842041; CER: 0.03276825696229935; WER: 0.13440285623073578; val_loss: 4.073102951049805; val_CER: 0.020189359784126282; val_WER: 0.08578246086835861
2024-04-02 15:00:28,901 - root - INFO - Epoch 170; loss: 5.065505027770996; CER: 0.02990111894905567; WER: 0.12392459064722061; val_loss: 3.4348480701446533; val_CER: 0.017237072810530663; val_WER: 0.07104811817407608
2024-04-02 15:06:12,667 - root - INFO - Epoch 171; loss: 4.797723770141602; CER: 0.028689222410321236; WER: 0.11896166205406189; val_loss: 3.4750912189483643; val_CER: 0.01639506220817566; val_WER: 0.07009699940681458
2024-04-02 15:11:47,134 - root - INFO - Epoch 172; loss: 4.274594306945801; CER: 0.026186058297753334; WER: 0.10913544148206711; val_loss: 3.2762839794158936; val_CER: 0.015503410249948502; val_WER: 0.06465175747871399
2024-04-02 15:17:20,915 - root - INFO - Epoch 173; loss: 4.176257610321045; CER: 0.025602731853723526; WER: 0.10712512582540512; val_loss: 3.2458856105804443; val_CER: 0.016014711931347847; val_WER: 0.06432558596134186
2024-04-02 15:22:54,518 - root - INFO - Epoch 174; loss: 3.8635051250457764; CER: 0.02333039790391922; WER: 0.09810572117567062; val_loss: 42.411231994628906; val_CER: 0.2064618319272995; val_WER: 0.689732015132904
2024-04-02 15:28:27,930 - root - INFO - Epoch 175; loss: 3.8095757961273193; CER: 0.02378266304731369; WER: 0.10001637041568756; val_loss: 4.5484137535095215; val_CER: 0.022453831508755684; val_WER: 0.08922727406024933
2024-04-02 15:34:49,411 - root - INFO - Epoch 176; loss: 4.197369575500488; CER: 0.027624981477856636; WER: 0.10890720039606094; val_loss: 4.043085098266602; val_CER: 0.03483319282531738; val_WER: 0.08848128467798233
2024-04-02 15:40:22,978 - root - INFO - Epoch 177; loss: 3.6998167037963867; CER: 0.023755943402647972; WER: 0.09903623163700104; val_loss: 3.1845462322235107; val_CER: 0.015715748071670532; val_WER: 0.06613197177648544
2024-04-02 15:46:11,401 - root - INFO - Epoch 178; loss: 3.2962710857391357; CER: 0.02080577425658703; WER: 0.08807209879159927; val_loss: 3.605255365371704; val_CER: 0.01697082258760929; val_WER: 0.06850429624319077
2024-04-02 15:51:45,356 - root - INFO - Epoch 179; loss: 3.123628854751587; CER: 0.019904248416423798; WER: 0.08491378277540207; val_loss: 3.343883991241455; val_CER: 0.014993345364928246; val_WER: 0.060881681740283966
2024-04-02 15:57:19,648 - root - INFO - Epoch 180; loss: 3.0872793197631836; CER: 0.019576989114284515; WER: 0.08278480172157288; val_loss: 3.848905086517334; val_CER: 0.01927928254008293; val_WER: 0.07644911110401154
2024-04-02 16:03:03,959 - root - INFO - Epoch 181; loss: 3.08186936378479; CER: 0.0196211114525795; WER: 0.08361359685659409; val_loss: 3.3303165435791016; val_CER: 0.014494161121547222; val_WER: 0.06110193952918053
2024-04-02 16:08:47,892 - root - INFO - Epoch 182; loss: 3.3715763092041016; CER: 0.021852945908904076; WER: 0.0916285440325737; val_loss: 3.699233055114746; val_CER: 0.017657537013292313; val_WER: 0.07378508150577545
2024-04-02 16:14:22,788 - root - INFO - Epoch 183; loss: 3.28594708442688; CER: 0.021090369671583176; WER: 0.08830631524324417; val_loss: 3.8221547603607178; val_CER: 0.01778455078601837; val_WER: 0.07380684465169907
2024-04-02 16:20:06,827 - root - INFO - Epoch 184; loss: 2.929442882537842; CER: 0.018526284024119377; WER: 0.0785357728600502; val_loss: 3.725689649581909; val_CER: 0.017405925318598747; val_WER: 0.07187092304229736
2024-04-02 16:25:41,684 - root - INFO - Epoch 185; loss: 2.8956305980682373; CER: 0.018521443009376526; WER: 0.07764865458011627; val_loss: 4.295377254486084; val_CER: 0.019197801128029823; val_WER: 0.08074866235256195
2024-04-02 16:31:25,877 - root - INFO - Epoch 186; loss: 2.862567663192749; CER: 0.018587224185466766; WER: 0.07895223051309586; val_loss: 3.5904321670532227; val_CER: 0.016626723110675812; val_WER: 0.07145341485738754
2024-04-02 16:37:09,747 - root - INFO - Epoch 187; loss: 2.768911600112915; CER: 0.01805696077644825; WER: 0.07685798406600952; val_loss: 3.5320518016815186; val_CER: 0.016518181189894676; val_WER: 0.06845671683549881
2024-04-02 16:42:53,853 - root - INFO - Epoch 188; loss: 2.438258171081543; CER: 0.015832891687750816; WER: 0.06821099668741226; val_loss: 3.6388609409332275; val_CER: 0.016128825023770332; val_WER: 0.06752549111843109
2024-04-02 16:48:28,748 - root - INFO - Epoch 189; loss: 2.2858633995056152; CER: 0.014818194322288036; WER: 0.06514497101306915; val_loss: 3.5744142532348633; val_CER: 0.016340112313628197; val_WER: 0.06945393979549408
2024-04-02 16:48:31,142 - tf2onnx.tfonnx - INFO - Using tensorflow=2.12.1, onnx=1.16.0, tf2onnx=1.16.1/15c810
2024-04-02 16:48:31,142 - tf2onnx.tfonnx - INFO - Using opset <onnx, 15>
2024-04-02 16:48:31,273 - tf2onnx.tf_utils - INFO - Computed 0 values for constant folding
2024-04-02 16:48:31,276 - tf2onnx.tf_utils - INFO - Computed 0 values for constant folding
2024-04-02 16:48:31,281 - tf2onnx.tf_utils - INFO - Computed 0 values for constant folding
2024-04-02 16:48:31,283 - tf2onnx.tf_utils - INFO - Computed 0 values for constant folding
2024-04-02 16:48:31,288 - tf2onnx.tf_utils - INFO - Computed 0 values for constant folding
2024-04-02 16:48:31,294 - tf2onnx.tf_utils - INFO - Computed 0 values for constant folding
2024-04-02 16:48:31,298 - tf2onnx.tf_utils - INFO - Computed 0 values for constant folding
2024-04-02 16:48:31,300 - tf2onnx.tf_utils - INFO - Computed 0 values for constant folding
2024-04-02 16:48:31,396 - tf2onnx.tf_utils - INFO - Computed 2 values for constant folding
2024-04-02 16:48:31,481 - tf2onnx.tfonnx - INFO - folding node using tf type=StridedSlice, name=model/bidirectional/forward_lstm/PartitionedCall/strided_slice
2024-04-02 16:48:31,481 - tf2onnx.tfonnx - INFO - folding node using tf type=StridedSlice, name=model/bidirectional/backward_lstm/PartitionedCall/strided_slice
2024-04-02 16:48:31,728 - tf2onnx.optimizer - INFO - Optimizing ONNX model
2024-04-02 16:48:32,589 - tf2onnx.optimizer - INFO - After optimization: BatchNormalization -18 (18->0), Cast -8 (17->9), Concat -8 (17->9), Const -173 (243->70), Expand -6 (8->2), Gather +3 (2->5), Identity -2 (2->0), Shape -2 (6->4), Slice -2 (9->7), Squeeze -5 (9->4), Transpose -86 (90->4), Unsqueeze -25 (29->4)
2024-04-02 16:48:32,693 - ipykernel.comm - ERROR - No such comm target registered: jupyter.widget.control
2024-04-02 16:48:32,696 - ipykernel.comm - ERROR - No such comm target registered: jupyter.widget.control
2024-04-02 16:48:32,698 - ipykernel.comm - ERROR - No such comm target registered: jupyter.widget.control
2024-04-02 16:48:32,701 - ipykernel.comm - ERROR - No such comm target registered: jupyter.widget.control
2024-04-02 16:48:32,703 - Comm - WARNING - No such comm: 50ee33e2-c6e0-48b3-bb5c-48a4d80fd936
2024-04-02 16:48:32,704 - Comm - WARNING - No such comm: 3f1aa516-049f-4757-b240-8bc1631e23f1
2024-04-02 16:48:32,706 - Comm - WARNING - No such comm: b4d70dda-97ec-4d0e-9a71-141250b2655d
2024-04-02 16:48:32,708 - Comm - WARNING - No such comm: c6332d84-b5ea-4237-824c-42d8da01f632
2024-04-02 17:18:06,750 - ipykernel.comm - ERROR - No such comm target registered: jupyter.widget.control
2024-04-02 17:18:06,753 - Comm - WARNING - No such comm: 895b5508-09e1-46ca-85e9-f8742513d0a6
2024-04-02 17:27:25,234 - ipykernel.comm - ERROR - No such comm target registered: jupyter.widget.control
2024-04-02 17:27:25,236 - Comm - WARNING - No such comm: 1742039b-63f9-464b-991f-ff21fa7b2d6b
